Vampire---4.0   system information being retrieved
Vampire---4.0's non-default parameters being retrieved
Vampire---4.0   being checked for execution
Vampire---4.0   checking time limit 10
Vampire---4.0   checking problem name FUCK/TryToProve_17803_venusian_female_are_truthtellers_THM

Vampire---4.0's TPTP format FUCK/TryToProve_17803_venusian_female_are_truthtellers_THM is ...
fof(domain,axiom,( ! [X] : X = d1 )).
fof(a_truth,axiom,( a_truth(d1) <=> $false )).
fof(female,axiom,( female(d1) <=> $false )).
fof(from_mars,axiom,( from_mars(d1) <=> $false )).
fof(from_venus,axiom,( from_venus(d1) <=> $true )).
fof(liar,axiom,( liar(d1) <=> $true )).
fof(male,axiom,( male(d1) <=> $true )).
fof(says,axiom,( ! [X1] : ! [X2] : ( says(X1,X2) <=> $false ) )).
fof(statement_by,axiom,( statement_by(d1) = d1 )).
fof(truthteller,axiom,( truthteller(d1) <=> $false )).
fof(venusian_female_are_truthtellers,conjecture,( ! [X] : ( ~ from_venus(X) | ~ female(X) | truthteller(X) ) )).

Vampire---4.0's TryToProve_17803_venusian_female_are_truthtellers_THM does not need preparation
Vampire---4.0   will use FUCK/TryToProve_17803_venusian_female_are_truthtellers_THM
Vampire---4.0's own format source file is ...
fof(domain,axiom,( ! [X] : X = d1 )).
fof(a_truth,axiom,( a_truth(d1) <=> $false )).
fof(female,axiom,( female(d1) <=> $false )).
fof(from_mars,axiom,( from_mars(d1) <=> $false )).
fof(from_venus,axiom,( from_venus(d1) <=> $true )).
fof(liar,axiom,( liar(d1) <=> $true )).
fof(male,axiom,( male(d1) <=> $true )).
fof(says,axiom,( ! [X1] : ! [X2] : ( says(X1,X2) <=> $false ) )).
fof(statement_by,axiom,( statement_by(d1) = d1 )).
fof(truthteller,axiom,( truthteller(d1) <=> $false )).
fof(venusian_female_are_truthtellers,conjecture,( ! [X] : ( ~ from_venus(X) | ~ female(X) | truthteller(X) ) )).

Vampire---4.0   being executed on TryToProve_17803_venusian_female_are_truthtellers_THM using /exp/home/tptp/Systems/Vampire---4.0/vampire --mode casc -m 20000 -t 10 'FUCK/TryToProve_17803_venusian_female_are_truthtellers_THM'
% START OF SYSTEM OUTPUT
Hi Geoff, go and have some cold beer while I am trying to solve this very hard problem!
% remaining time: 100 next slice time: 5
dis+11_7_3 on TryToProve_17803_venusian_female_are_truthtellers_T
% Refutation found. Thanks to Tanya!
% SZS status Theorem for TryToProve_17803_venusian_female_are_truthtellers_T
% SZS output start Proof for TryToProve_17803_venusian_female_are_truthtellers_T
fof(f1,axiom,(
  ! [X0] : d1 = X0),
  file('FUCK/TryToProve_17803_venusian_female_are_truthtellers_THM',domain)).
fof(f3,axiom,(
  female(d1) <=> $false),
  file('FUCK/TryToProve_17803_venusian_female_are_truthtellers_THM',female)).
fof(f11,conjecture,(
  ! [X0] : (~from_venus(X0) | ~female(X0) | truthteller(X0))),
  file('FUCK/TryToProve_17803_venusian_female_are_truthtellers_THM',venusian_female_are_truthtellers)).
fof(f12,negated_conjecture,(
  ~! [X0] : (~from_venus(X0) | ~female(X0) | truthteller(X0))),
  inference(negated_conjecture,[],[f11])).
fof(f13,plain,(
  ~! [X0] : (~from_venus(X0) | ~female(X0) | truthteller(X0))),
  inference(flattening,[],[f12])).
fof(f22,plain,(
  ~female(d1)),
  inference(true_and_false_elimination,[],[f3])).
fof(f23,plain,(
  ~female(d1)),
  inference(flattening,[],[f22])).
fof(f29,plain,(
  ~! [X0] : (~from_venus(X0) | ~female(X0))),
  inference(pure_predicate_removal,[],[f13])).
fof(f34,plain,(
  ~! [X0] : ~female(X0)),
  inference(pure_predicate_removal,[],[f29])).
fof(f37,plain,(
  ? [X0] : female(X0)),
  inference(ennf_transformation,[],[f34])).
fof(f38,plain,(
  female(sK0)),
  inference(skolemisation,[status(esa),new_symbols(skolem,[sK0])],[f37])).
fof(f39,plain,(
  female(sK0)),
  inference(cnf_transformation,[],[f38])).
fof(f41,plain,(
  ~female(d1)),
  inference(cnf_transformation,[],[f23])).
fof(f42,plain,(
  ( ! [X0] : (d1 = X0) )),
  inference(cnf_transformation,[],[f1])).
fof(f43,plain,(
  female(d1)),
  inference(backward_demodulation,[],[f42,f39])).
fof(f48,plain,(
  $false),
  inference(subsumption_resolution,[],[f43,f41])).
% SZS output end Proof for TryToProve_17803_venusian_female_are_truthtellers_T
% ------------------------------
% Version: Vampire 4.0 (commit 2fedff6 on 2015-09-23 00:16:07 +0200)
% Termination reason: Refutation

% Active clauses: 3
% Passive clauses: 4
% Generated clauses: 10
% Final active clauses: 2
% Final passive clauses: 1
% Input formulas: 11
% Initial clauses: 4
% 
% Pure predicates: 7
% 
% Fw subsumption resolutions: 1
% Bw demodulations: 1
% 
% Backward superposition: 2
% Self superposition: 2
% 
% Memory used [KB]: 511
% Time elapsed: 0.014 s
% ------------------------------
% ------------------------------
% Success in time 0.016 s

% END OF SYSTEM OUTPUT
RESULT: TryToProve_17803_venusian_female_are_truthtellers_THM - Vampire---4.0 says Theorem - CPU = 0.00 WC = 0.01 
OUTPUT: TryToProve_17803_venusian_female_are_truthtellers_THM - Vampire---4.0 says Refutation - CPU = 0.00 WC = 0.01 
