Vampire---4.0   system information being retrieved
Vampire---4.0's non-default parameters being retrieved
Vampire---4.0   being checked for execution
Vampire---4.0   checking time limit 10
Vampire---4.0   checking problem name FUCK/TryToProve_17244_from_mars_or_venus_THM

Vampire---4.0's TPTP format FUCK/TryToProve_17244_from_mars_or_venus_THM is ...
fof(domain,axiom,( ! [X] : X = d1 )).
fof(a_truth,axiom,( a_truth(d1) <=> $false )).
fof(female,axiom,( female(d1) <=> $false )).
fof(from_mars,axiom,( from_mars(d1) <=> $true )).
fof(from_venus,axiom,( from_venus(d1) <=> $true )).
fof(liar,axiom,( liar(d1) <=> $true )).
fof(male,axiom,( male(d1) <=> $true )).
fof(says,axiom,( ! [X1] : ! [X2] : ( says(X1,X2) <=> $false ) )).
fof(statement_by,axiom,( statement_by(d1) = d1 )).
fof(truthteller,axiom,( truthteller(d1) <=> $false )).
fof(from_mars_or_venus,conjecture,( ! [X] : ( from_mars(X) | from_venus(X) ) )).

Vampire---4.0's TryToProve_17244_from_mars_or_venus_THM does not need preparation
Vampire---4.0   will use FUCK/TryToProve_17244_from_mars_or_venus_THM
Vampire---4.0's own format source file is ...
fof(domain,axiom,( ! [X] : X = d1 )).
fof(a_truth,axiom,( a_truth(d1) <=> $false )).
fof(female,axiom,( female(d1) <=> $false )).
fof(from_mars,axiom,( from_mars(d1) <=> $true )).
fof(from_venus,axiom,( from_venus(d1) <=> $true )).
fof(liar,axiom,( liar(d1) <=> $true )).
fof(male,axiom,( male(d1) <=> $true )).
fof(says,axiom,( ! [X1] : ! [X2] : ( says(X1,X2) <=> $false ) )).
fof(statement_by,axiom,( statement_by(d1) = d1 )).
fof(truthteller,axiom,( truthteller(d1) <=> $false )).
fof(from_mars_or_venus,conjecture,( ! [X] : ( from_mars(X) | from_venus(X) ) )).

Vampire---4.0   being executed on TryToProve_17244_from_mars_or_venus_THM using /exp/home/tptp/Systems/Vampire---4.0/vampire --mode casc -m 20000 -t 10 'FUCK/TryToProve_17244_from_mars_or_venus_THM'
% START OF SYSTEM OUTPUT
Hi Geoff, go and have some cold beer while I am trying to solve this very hard problem!
% remaining time: 100 next slice time: 5
dis+11_7_3 on TryToProve_17244_from_mars_or_venus_T
% Refutation found. Thanks to Tanya!
% SZS status Theorem for TryToProve_17244_from_mars_or_venus_T
% SZS output start Proof for TryToProve_17244_from_mars_or_venus_T
fof(f1,axiom,(
  ! [X0] : d1 = X0),
  file('FUCK/TryToProve_17244_from_mars_or_venus_THM',domain)).
fof(f5,axiom,(
  from_venus(d1) <=> $true),
  file('FUCK/TryToProve_17244_from_mars_or_venus_THM',from_venus)).
fof(f11,conjecture,(
  ! [X0] : (from_mars(X0) | from_venus(X0))),
  file('FUCK/TryToProve_17244_from_mars_or_venus_THM',from_mars_or_venus)).
fof(f12,negated_conjecture,(
  ~! [X0] : (from_mars(X0) | from_venus(X0))),
  inference(negated_conjecture,[],[f11])).
fof(f22,plain,(
  from_venus(d1)),
  inference(true_and_false_elimination,[],[f5])).
fof(f32,plain,(
  ? [X0] : (~from_mars(X0) & ~from_venus(X0))),
  inference(ennf_transformation,[],[f12])).
fof(f33,plain,(
  ~from_mars(sK0) & ~from_venus(sK0)),
  inference(skolemisation,[status(esa),new_symbols(skolem,[sK0])],[f32])).
fof(f35,plain,(
  ~from_venus(sK0)),
  inference(cnf_transformation,[],[f33])).
fof(f38,plain,(
  from_venus(d1)),
  inference(cnf_transformation,[],[f22])).
fof(f39,plain,(
  ( ! [X0] : (d1 = X0) )),
  inference(cnf_transformation,[],[f1])).
fof(f40,plain,(
  ~from_venus(d1)),
  inference(backward_demodulation,[],[f39,f35])).
fof(f48,plain,(
  $false),
  inference(subsumption_resolution,[],[f40,f38])).
% SZS output end Proof for TryToProve_17244_from_mars_or_venus_T
% ------------------------------
% Version: Vampire 4.0 (commit 2fedff6 on 2015-09-23 00:16:07 +0200)
% Termination reason: Refutation

% Active clauses: 5
% Passive clauses: 6
% Generated clauses: 15
% Final active clauses: 3
% Final passive clauses: 1
% Input formulas: 11
% Initial clauses: 6
% 
% Pure predicates: 6
% 
% Fw subsumption resolutions: 1
% Bw demodulations: 2
% 
% Backward superposition: 4
% Self superposition: 2
% 
% Memory used [KB]: 511
% Time elapsed: 0.014 s
% ------------------------------
% ------------------------------
% Success in time 0.016 s

% END OF SYSTEM OUTPUT
RESULT: TryToProve_17244_from_mars_or_venus_THM - Vampire---4.0 says Theorem - CPU = 0.00 WC = 0.01 
OUTPUT: TryToProve_17244_from_mars_or_venus_THM - Vampire---4.0 says Refutation - CPU = 0.00 WC = 0.01 
